<?xml version='1.0' encoding='utf-8'?>
<!DOCTYPE hibernate-configuration PUBLIC
        "-//Hibernate/Hibernate Configuration DTD 3.0//EN"
        "http://www.hibernate.org/dtd/hibernate-configuration-3.0.dtd">

<hibernate-configuration>

    <session-factory>

        <!-- Database connection settings -->
        <property name="hibernate.connection.driver_class">org.postgresql.Driver</property>
        <property name="hibernate.connection.url">jdbc:postgresql://localhost:5432/ivncr</property>
        <property name="hibernate.connection.username">ivncr</property>
        <property name="hibernate.connection.password">ivncr</property>
        <property name="hibernate.c3p0.min_size">5</property>
        <property name="hibernate.c3p0.max_size">20</property>
        <property name="hibernate.c3p0.timeout">1800</property>
        <property name="hibernate.c3p0.max_statements">50</property>
        <property name="hibernate.dialect">org.hibernate.dialect.PostgreSQL82Dialect</property>
        
        <property name="transaction.factory_class">org.hibernate.transaction.JDBCTransactionFactory</property>

        <!-- SQL dialect -->
        <property name="dialect">org.hibernate.dialect.MySQLDialect</property>

        <!-- Enable Hibernate's automatic session context management -->
        <property name="hibernate.current_session_context_class">thread</property>

        <!-- Disable the second-level cache  -->
        <property name="cache.provider_class">org.hibernate.cache.internal.NoCacheProvider</property>

        <!-- Echo all executed SQL to stdout -->
        <property name="show_sql">true</property>

		<!-- Entities mappings -->
        <mapping class="it.ivncr.erp.model.accesso.Permesso" />
        <mapping class="it.ivncr.erp.model.accesso.Ruolo" />
        <mapping class="it.ivncr.erp.model.accesso.Utente" />
        
        <mapping class="it.ivncr.erp.model.commerciale.Cliente" />
        <mapping class="it.ivncr.erp.model.commerciale.Divisa" />
        <mapping class="it.ivncr.erp.model.commerciale.GruppoCliente" />
        <mapping class="it.ivncr.erp.model.commerciale.TipoBusinessPartner" />

    </session-factory>

</hibernate-configuration>
