<?xml version='1.0' encoding='utf-8'?>
<!DOCTYPE hibernate-configuration PUBLIC
        "-//Hibernate/Hibernate Configuration DTD 3.0//EN"
        "http://www.hibernate.org/dtd/hibernate-configuration-3.0.dtd">

<hibernate-configuration>

    <session-factory>

        <!-- Database connection settings -->
        <property name="hibernate.connection.driver_class">org.postgresql.Driver</property>
        <property name="hibernate.connection.url">jdbc:postgresql://localhost:5432/ivncr</property>
        <property name="hibernate.connection.username">ivncr</property>
        <property name="hibernate.connection.password">ivncr</property>
        <property name="hibernate.c3p0.min_size">5</property>
        <property name="hibernate.c3p0.max_size">20</property>
        <property name="hibernate.c3p0.timeout">1800</property>
        <property name="hibernate.c3p0.max_statements">50</property>
        <property name="hibernate.dialect">org.hibernate.dialect.PostgreSQL82Dialect</property>
        
        <property name="transaction.factory_class">org.hibernate.transaction.JDBCTransactionFactory</property>

        <!-- SQL dialect -->
        <property name="dialect">org.hibernate.dialect.PostgreSQL82Dialect</property>

        <!-- Enable Hibernate's automatic session context management -->
        <property name="hibernate.current_session_context_class">thread</property>

        <!-- Disable the second-level cache  -->
        <property name="cache.provider_class">org.hibernate.cache.internal.NoCacheProvider</property>

        <!-- Echo all executed SQL to stdout -->
        <property name="show_sql">true</property>

		<!-- Entities mappings -->
		<mapping class="it.ivncr.erp.model.accesso.AccountEmail" />
        <mapping class="it.ivncr.erp.model.accesso.Permesso" />
        <mapping class="it.ivncr.erp.model.accesso.Ruolo" />
        <mapping class="it.ivncr.erp.model.accesso.Utente" />
        <mapping class="it.ivncr.erp.model.accesso.UtenteAzienda" />
        
        <mapping class="it.ivncr.erp.model.commerciale.cliente.Cliente" />
        <mapping class="it.ivncr.erp.model.commerciale.cliente.Contatto" />
        <mapping class="it.ivncr.erp.model.commerciale.cliente.Divisa" />
        <mapping class="it.ivncr.erp.model.commerciale.cliente.GruppoCliente" />
        <mapping class="it.ivncr.erp.model.commerciale.cliente.Indirizzo" />
        <mapping class="it.ivncr.erp.model.commerciale.cliente.ObiettivoServizio" />
        <mapping class="it.ivncr.erp.model.commerciale.cliente.TipoBusinessPartner" />
        <mapping class="it.ivncr.erp.model.commerciale.cliente.TipoContatto" />
        <mapping class="it.ivncr.erp.model.commerciale.cliente.TipoIndirizzo" />

		<mapping class="it.ivncr.erp.model.commerciale.contratto.ApparecchiatureTecnologiche" />
		<mapping class="it.ivncr.erp.model.commerciale.contratto.Canone" />
		<mapping class="it.ivncr.erp.model.commerciale.contratto.CondizioniPagamento" />
		<mapping class="it.ivncr.erp.model.commerciale.contratto.Contratto" />
		<mapping class="it.ivncr.erp.model.commerciale.contratto.ContrattoContatto" />
		<mapping class="it.ivncr.erp.model.commerciale.contratto.ContrattoEsattore" />
		<mapping class="it.ivncr.erp.model.commerciale.contratto.ContrattoGestore" />
		<mapping class="it.ivncr.erp.model.commerciale.contratto.DettaglioFatturazione" />
		<mapping class="it.ivncr.erp.model.commerciale.contratto.DocumentoContratto" />
		<mapping class="it.ivncr.erp.model.commerciale.contratto.Esattore" />
		<mapping class="it.ivncr.erp.model.commerciale.contratto.EsattoreAzienda" />
		<mapping class="it.ivncr.erp.model.commerciale.contratto.EsattoreAziendaId" />
		<mapping class="it.ivncr.erp.model.commerciale.contratto.GestoreContratto" />
		<mapping class="it.ivncr.erp.model.commerciale.contratto.GestoreContrattoAzienda" />
		<mapping class="it.ivncr.erp.model.commerciale.contratto.GestoreContrattoAziendaId" />
		<mapping class="it.ivncr.erp.model.commerciale.contratto.LayoutStampa" />
		<mapping class="it.ivncr.erp.model.commerciale.contratto.MetodoPagamento" />
		<mapping class="it.ivncr.erp.model.commerciale.contratto.RaggruppamentoFatturazione" />
		<mapping class="it.ivncr.erp.model.commerciale.contratto.RinnovoContrattuale" />
		<mapping class="it.ivncr.erp.model.commerciale.contratto.ServizioOneroso" />
		<mapping class="it.ivncr.erp.model.commerciale.contratto.SpecificaServizio" />
		<mapping class="it.ivncr.erp.model.commerciale.contratto.Tariffa" />
		<mapping class="it.ivncr.erp.model.commerciale.contratto.TipoApparecchiaturaTecnologica" />
		<mapping class="it.ivncr.erp.model.commerciale.contratto.TipoFatturazione" />
		<mapping class="it.ivncr.erp.model.commerciale.contratto.TipoFrazionamentoFatturazione" />
		<mapping class="it.ivncr.erp.model.commerciale.contratto.TipoOrdineServizio" />
		<mapping class="it.ivncr.erp.model.commerciale.contratto.TipoProvenienza" />
		<mapping class="it.ivncr.erp.model.commerciale.contratto.TipoRinnovoContrattuale" />
		<mapping class="it.ivncr.erp.model.commerciale.contratto.TipoServizio" />
		
		<mapping class="it.ivncr.erp.model.generale.Azienda" />
		<mapping class="it.ivncr.erp.model.generale.Contatore" />
		<mapping class="it.ivncr.erp.model.generale.Paese" />
		<mapping class="it.ivncr.erp.model.generale.Provincia" />

		<mapping class="it.ivncr.erp.model.personale.Addetto" />
		<mapping class="it.ivncr.erp.model.personale.AddettoReparto" />
		<mapping class="it.ivncr.erp.model.personale.Armamento" />
		<mapping class="it.ivncr.erp.model.personale.AvanzamentoCarriera" />
		<mapping class="it.ivncr.erp.model.personale.CalibroArma" />
		<mapping class="it.ivncr.erp.model.personale.CaricaSindacale" />
		<mapping class="it.ivncr.erp.model.personale.Ccnl" />
		<mapping class="it.ivncr.erp.model.personale.CertificatoMedico" />
		<mapping class="it.ivncr.erp.model.personale.Corso" />
		<mapping class="it.ivncr.erp.model.personale.DatiSanitari" />
		<mapping class="it.ivncr.erp.model.personale.DecretoGpg" />
		<mapping class="it.ivncr.erp.model.personale.Disciplina" />
		<mapping class="it.ivncr.erp.model.personale.Documento" />
		<mapping class="it.ivncr.erp.model.personale.DurataDocumento" />
		<mapping class="it.ivncr.erp.model.personale.EsercitazioneTiro" />
		<mapping class="it.ivncr.erp.model.personale.EstensioneDecreto" />
		<mapping class="it.ivncr.erp.model.personale.Familiare" />
		<mapping class="it.ivncr.erp.model.personale.Grado" />
		<mapping class="it.ivncr.erp.model.personale.GradoParentela" />
		<mapping class="it.ivncr.erp.model.personale.GruppoSanguigno" />
		<mapping class="it.ivncr.erp.model.personale.IndirizzoAddetto" />
		<mapping class="it.ivncr.erp.model.personale.InfoSindacali" />
		<mapping class="it.ivncr.erp.model.personale.Istruzione" />
		<mapping class="it.ivncr.erp.model.personale.LibrettoPortoArmi" />
		<mapping class="it.ivncr.erp.model.personale.LicenzaPortoArmi" />
		<mapping class="it.ivncr.erp.model.personale.Lingua" />
		<mapping class="it.ivncr.erp.model.personale.LinguaConosciuta" />
		<mapping class="it.ivncr.erp.model.personale.LivelloCcnl" />
		<mapping class="it.ivncr.erp.model.personale.LivelloLingua" />
		<mapping class="it.ivncr.erp.model.personale.ModelloArma" />
		<mapping class="it.ivncr.erp.model.personale.PosizioneLavorativa" />
		<mapping class="it.ivncr.erp.model.personale.PosizioneMilitare" />
		<mapping class="it.ivncr.erp.model.personale.Qualifica" />
		<mapping class="it.ivncr.erp.model.personale.RecapitoEmail" />
		<mapping class="it.ivncr.erp.model.personale.RecapitoTelefonico" />
		<mapping class="it.ivncr.erp.model.personale.Reparto" />
		<mapping class="it.ivncr.erp.model.personale.RuoloAziendale" />
		<mapping class="it.ivncr.erp.model.personale.SiglaSindacale" />
		<mapping class="it.ivncr.erp.model.personale.SistemaLavoro" />
		<mapping class="it.ivncr.erp.model.personale.StatoArma" />
		<mapping class="it.ivncr.erp.model.personale.StatoCivile" />
		<mapping class="it.ivncr.erp.model.personale.StatoFamiglia" />
		<mapping class="it.ivncr.erp.model.personale.TipoArma" />
		<mapping class="it.ivncr.erp.model.personale.TipoCertificatoMedico" />
		<mapping class="it.ivncr.erp.model.personale.TipoContratto" />
		<mapping class="it.ivncr.erp.model.personale.TipoDocumento" />
		<mapping class="it.ivncr.erp.model.personale.TipoEsercitazioneTiro" />
		<mapping class="it.ivncr.erp.model.personale.TipoFamiliare" />
		<mapping class="it.ivncr.erp.model.personale.TipoIndirizzoAddetto" />
		<mapping class="it.ivncr.erp.model.personale.TipoPosizioneMilitare" />
		<mapping class="it.ivncr.erp.model.personale.TipoRecapitoTelefonico" />
		<mapping class="it.ivncr.erp.model.personale.TipoRinnovoDecretoGpg" />
		<mapping class="it.ivncr.erp.model.personale.TipoSistemaLavoro" />
		<mapping class="it.ivncr.erp.model.personale.TitoloStudio" />
		<mapping class="it.ivncr.erp.model.personale.VisitaCollegiale" />
		<mapping class="it.ivncr.erp.model.personale.VisitaMedicoCompetente" />

    </session-factory>

</hibernate-configuration>
